Loading db file '/usr/cad/Library/CBDK018_UMC_Faraday_v1.0/CIC/SynopsysDC/db/fsa0m_a_generic_core_ss1p62v125c.db'
Information: Propagating switching activity (low effort zero delay simulation). (PWR-6)
Warning: Design has unannotated primary inputs. (PWR-414)
Warning: Design has unannotated sequential cell outputs. (PWR-415)
 
****************************************
Report : power
        -analysis_effort low
Design : SECdecoder_location_52bits_clk
Version: U-2022.12-SP6
Date   : Fri May 23 17:50:05 2025
****************************************


Library(s) Used:

    fsa0m_a_generic_core_ss1p62v125c (File: /usr/cad/Library/CBDK018_UMC_Faraday_v1.0/CIC/SynopsysDC/db/fsa0m_a_generic_core_ss1p62v125c.db)


Operating Conditions: WCCOM   Library: fsa0m_a_generic_core_ss1p62v125c
Wire Load Model Mode: enclosed

Design        Wire Load Model            Library
------------------------------------------------
SECdecoder_location_52bits_clk
                       enG30K            fsa0m_a_generic_core_ss1p62v125c
SECdecoder_location_52bits_clk_DW01_sub_0
                       enG5K             fsa0m_a_generic_core_ss1p62v125c
SECdecoder_location_52bits_clk_DW01_inc_0
                       enG5K             fsa0m_a_generic_core_ss1p62v125c
SECdecoder_location_52bits_clk_DW01_sub_2
                       enG5K             fsa0m_a_generic_core_ss1p62v125c
SECdecoder_location_52bits_clk_DW_mult_uns_1
                       enG5K             fsa0m_a_generic_core_ss1p62v125c
SECdecoder_location_52bits_clk_DW_div_uns_2
                       enG30K            fsa0m_a_generic_core_ss1p62v125c
SECdecoder_location_52bits_clk_add_308_DP_OP_359_9162_0
                       enG30K            fsa0m_a_generic_core_ss1p62v125c
SECdecoder_location_52bits_clk_DW_div_uns_14
                       enG5K             fsa0m_a_generic_core_ss1p62v125c


Global Operating Voltage = 1.62 
Power-specific unit information :
    Voltage Units = 1V
    Capacitance Units = 1.000000pf
    Time Units = 1ns
    Dynamic Power Units = 1mW    (derived from V,C,T units)
    Leakage Power Units = 1pW


Attributes
----------
i - Including register clock pin internal power


  Cell Internal Power  = 738.7557 uW   (58%)
  Net Switching Power  = 543.1200 uW   (42%)
                         ---------
Total Dynamic Power    =   1.2819 mW  (100%)

Cell Leakage Power     =  15.7952 uW


                 Internal         Switching           Leakage            Total
Power Group      Power            Power               Power              Power   (   %    )  Attrs
--------------------------------------------------------------------------------------------------
io_pad             0.0000            0.0000            0.0000            0.0000  (   0.00%)
memory             0.0000            0.0000            0.0000            0.0000  (   0.00%)
black_box          0.0000            0.0000            0.0000            0.0000  (   0.00%)
clock_network      0.1285            0.0000            0.0000            0.1285  (   9.90%)  i
register       2.1006e-02        1.9035e-02        9.1091e+05        4.0952e-02  (   3.16%)
sequential         0.0000            0.0000            0.0000            0.0000  (   0.00%)
combinational      0.5892            0.5241        1.4884e+07            1.1282  (  86.94%)
--------------------------------------------------------------------------------------------------
Total              0.7388 mW         0.5431 mW     1.5795e+07 pW         1.2977 mW
1
