 
****************************************
Report : timing
        -path full
        -delay max
        -max_paths 1
Design : SECdecoder_location_52bits_clk
Version: U-2022.12-SP6
Date   : Fri May 23 17:50:04 2025
****************************************

Operating Conditions: WCCOM   Library: fsa0m_a_generic_core_ss1p62v125c
Wire Load Model Mode: enclosed

  Startpoint: r_reg_6_ (rising edge-triggered flip-flop clocked by clk)
  Endpoint: W_new_reg_60_
            (rising edge-triggered flip-flop clocked by clk)
  Path Group: clk
  Path Type: max

  Des/Clust/Port     Wire Load Model       Library
  ------------------------------------------------
  SECdecoder_location_52bits_clk
                     enG30K                fsa0m_a_generic_core_ss1p62v125c
  SECdecoder_location_52bits_clk_DW_mult_uns_1
                     enG5K                 fsa0m_a_generic_core_ss1p62v125c
  SECdecoder_location_52bits_clk_DW01_sub_2
                     enG5K                 fsa0m_a_generic_core_ss1p62v125c

  Point                                                                   Incr       Path
  ------------------------------------------------------------------------------------------
  clock clk (rise edge)                                                   0.00       0.00
  clock network delay (ideal)                                             1.00       1.00
  r_reg_6_/CK (DFCLRBN)                                                   0.00       1.00 r
  r_reg_6_/QB (DFCLRBN)                                                   0.61       1.61 r
  U908/O (NR2)                                                            0.24       1.85 f
  U804/O (ND3)                                                            0.62       2.47 r
  U750/O (INV1S)                                                          1.44       3.92 f
  U767/O (NR2)                                                            0.64       4.56 r
  U336/O (OA222)                                                          0.57       5.13 r
  U335/O (AN3)                                                            0.33       5.46 r
  U803/O (AN4B1S)                                                         0.31       5.77 r
  U287/O (AN3)                                                            0.33       6.09 r
  U749/O (AN2)                                                            0.28       6.37 r
  U602/O (INV1S)                                                          1.33       7.71 f
  U712/O (MOAI1)                                                          0.93       8.64 f
  U1016/O (NR2)                                                           0.45       9.08 r
  U674/O (INV1S)                                                          0.23       9.31 f
  U1018/O (NR2)                                                           0.28       9.59 r
  U676/O (INV1S)                                                          0.22       9.81 f
  U1020/O (NR2)                                                           0.28      10.09 r
  U603/O (INV1S)                                                          0.22      10.31 f
  U1022/O (NR2)                                                           0.28      10.58 r
  U675/O (INV1S)                                                          0.22      10.81 f
  U1024/O (NR2)                                                           0.28      11.08 r
  U677/O (INV1S)                                                          0.23      11.31 f
  U594/O (AO112)                                                          0.36      11.67 f
  U595/O (INV1S)                                                          0.61      12.28 r
  U614/O (ND3)                                                            0.81      13.09 f
  U615/O (NR2)                                                            0.48      13.57 r
  mult_195/b[0] (SECdecoder_location_52bits_clk_DW_mult_uns_1)            0.00      13.57 r
  mult_195/U230/O (NR2)                                                   0.15      13.72 f
  mult_195/U64/S (HA1)                                                    0.35      14.07 r
  mult_195/product[1] (SECdecoder_location_52bits_clk_DW_mult_uns_1)      0.00      14.07 r
  sub_195_2/B[1] (SECdecoder_location_52bits_clk_DW01_sub_2)              0.00      14.07 r
  sub_195_2/U61/O (INV1S)                                                 0.13      14.20 f
  sub_195_2/U2_1/CO (FA1S)                                                0.50      14.70 f
  sub_195_2/U2_2/CO (FA1S)                                                0.49      15.19 f
  sub_195_2/U2_3/CO (FA1S)                                                0.49      15.69 f
  sub_195_2/U2_4/CO (FA1S)                                                0.49      16.18 f
  sub_195_2/U2_5/CO (FA1S)                                                0.49      16.67 f
  sub_195_2/U2_6/CO (FA1S)                                                0.49      17.17 f
  sub_195_2/U2_7/CO (FA1S)                                                0.49      17.66 f
  sub_195_2/U2_8/CO (FA1S)                                                0.49      18.16 f
  sub_195_2/U2_9/CO (FA1S)                                                0.49      18.65 f
  sub_195_2/U2_10/CO (FA1S)                                               0.49      19.14 f
  sub_195_2/U2_11/CO (FA1S)                                               0.49      19.64 f
  sub_195_2/U2_12/CO (FA1S)                                               0.49      20.13 f
  sub_195_2/U2_13/CO (FA1S)                                               0.49      20.62 f
  sub_195_2/U2_14/CO (FA1S)                                               0.49      21.12 f
  sub_195_2/U2_15/CO (FA1S)                                               0.49      21.61 f
  sub_195_2/U2_16/CO (FA1S)                                               0.49      22.11 f
  sub_195_2/U2_17/CO (FA1S)                                               0.49      22.60 f
  sub_195_2/U2_18/CO (FA1S)                                               0.49      23.09 f
  sub_195_2/U2_19/CO (FA1S)                                               0.49      23.59 f
  sub_195_2/U2_20/CO (FA1S)                                               0.49      24.08 f
  sub_195_2/U2_21/CO (FA1S)                                               0.49      24.57 f
  sub_195_2/U2_22/CO (FA1S)                                               0.49      25.07 f
  sub_195_2/U2_23/CO (FA1S)                                               0.49      25.56 f
  sub_195_2/U2_24/CO (FA1S)                                               0.49      26.06 f
  sub_195_2/U2_25/CO (FA1S)                                               0.49      26.55 f
  sub_195_2/U2_26/CO (FA1S)                                               0.49      27.04 f
  sub_195_2/U2_27/CO (FA1S)                                               0.49      27.54 f
  sub_195_2/U2_28/CO (FA1S)                                               0.49      28.03 f
  sub_195_2/U2_29/CO (FA1S)                                               0.49      28.52 f
  sub_195_2/U2_30/CO (FA1S)                                               0.49      29.02 f
  sub_195_2/U2_31/CO (FA1S)                                               0.49      29.51 f
  sub_195_2/U2_32/CO (FA1S)                                               0.49      30.01 f
  sub_195_2/U2_33/CO (FA1S)                                               0.49      30.50 f
  sub_195_2/U2_34/CO (FA1S)                                               0.49      30.99 f
  sub_195_2/U2_35/CO (FA1S)                                               0.49      31.49 f
  sub_195_2/U2_36/CO (FA1S)                                               0.49      31.98 f
  sub_195_2/U2_37/CO (FA1S)                                               0.49      32.47 f
  sub_195_2/U2_38/CO (FA1S)                                               0.49      32.97 f
  sub_195_2/U2_39/CO (FA1S)                                               0.49      33.46 f
  sub_195_2/U2_40/CO (FA1S)                                               0.49      33.96 f
  sub_195_2/U2_41/CO (FA1S)                                               0.49      34.45 f
  sub_195_2/U2_42/CO (FA1S)                                               0.49      34.94 f
  sub_195_2/U2_43/CO (FA1S)                                               0.49      35.44 f
  sub_195_2/U2_44/CO (FA1S)                                               0.49      35.93 f
  sub_195_2/U2_45/CO (FA1S)                                               0.49      36.43 f
  sub_195_2/U2_46/CO (FA1S)                                               0.49      36.92 f
  sub_195_2/U2_47/CO (FA1S)                                               0.49      37.41 f
  sub_195_2/U2_48/CO (FA1S)                                               0.49      37.91 f
  sub_195_2/U2_49/CO (FA1S)                                               0.49      38.40 f
  sub_195_2/U2_50/CO (FA1S)                                               0.49      38.89 f
  sub_195_2/U2_51/CO (FA1S)                                               0.49      39.39 f
  sub_195_2/U2_52/CO (FA1S)                                               0.49      39.88 f
  sub_195_2/U2_53/CO (FA1S)                                               0.49      40.38 f
  sub_195_2/U2_54/CO (FA1S)                                               0.49      40.87 f
  sub_195_2/U2_55/CO (FA1S)                                               0.49      41.36 f
  sub_195_2/U2_56/CO (FA1S)                                               0.49      41.86 f
  sub_195_2/U2_57/CO (FA1S)                                               0.49      42.35 f
  sub_195_2/U2_58/CO (FA1S)                                               0.49      42.84 f
  sub_195_2/U2_59/CO (FA1S)                                               0.47      43.31 f
  sub_195_2/U2_60/O (XOR3)                                                0.34      43.65 f
  sub_195_2/DIFF[60] (SECdecoder_location_52bits_clk_DW01_sub_2)          0.00      43.65 f
  W_new_reg_60_/D (DFCLRBN)                                               0.00      43.65 f
  data arrival time                                                                 43.65

  clock clk (rise edge)                                                  60.00      60.00
  clock network delay (ideal)                                             1.00      61.00
  clock uncertainty                                                      -0.30      60.70
  W_new_reg_60_/CK (DFCLRBN)                                              0.00      60.70 r
  library setup time                                                     -0.24      60.46
  data required time                                                                60.46
  ------------------------------------------------------------------------------------------
  data required time                                                                60.46
  data arrival time                                                                -43.65
  ------------------------------------------------------------------------------------------
  slack (MET)                                                                       16.81


1
