 
****************************************
Report : area
Design : Tradeoff_20bits
Version: U-2022.12-SP6
Date   : Wed Apr 30 20:15:22 2025
****************************************

Library(s) Used:

    fsa0m_a_generic_core_ss1p62v125c (File: /usr/cad/Library/CBDK018_UMC_Faraday_v1.0/CIC/SynopsysDC/db/fsa0m_a_generic_core_ss1p62v125c.db)

Number of ports:                         3447
Number of nets:                          8299
Number of cells:                         6048
Number of combinational cells:           5843
Number of sequential cells:               141
Number of macros/black boxes:               0
Number of buf/inv:                       1529
Number of references:                      48

Combinational area:              92734.689036
Buf/Inv area:                     9877.492699
Noncombinational area:            8236.972828
Macro/Black Box area:                0.000000
Net Interconnect area:      undefined  (Wire load has zero net area)

Total cell area:                100971.661864
Total area:                 undefined
1
