Loading db file '/usr/cad/Library/CBDK018_UMC_Faraday_v1.0/CIC/SynopsysDC/db/fsa0m_a_generic_core_ss1p62v125c.db'
Information: Propagating switching activity (low effort zero delay simulation). (PWR-6)
Warning: Design has unannotated primary inputs. (PWR-414)
Warning: Design has unannotated sequential cell outputs. (PWR-415)
 
****************************************
Report : power
        -analysis_effort low
Design : Tradeoff_20bits
Version: U-2022.12-SP6
Date   : Wed Apr 30 20:15:22 2025
****************************************


Library(s) Used:

    fsa0m_a_generic_core_ss1p62v125c (File: /usr/cad/Library/CBDK018_UMC_Faraday_v1.0/CIC/SynopsysDC/db/fsa0m_a_generic_core_ss1p62v125c.db)


Operating Conditions: WCCOM   Library: fsa0m_a_generic_core_ss1p62v125c
Wire Load Model Mode: enclosed

Design        Wire Load Model            Library
------------------------------------------------
Tradeoff_20bits        enG30K            fsa0m_a_generic_core_ss1p62v125c
SEC_rLUT20bits         enG5K             fsa0m_a_generic_core_ss1p62v125c
SEC_lLUT20bits         enG5K             fsa0m_a_generic_core_ss1p62v125c
Tradeoff_20bits_DW01_sub_1
                       enG5K             fsa0m_a_generic_core_ss1p62v125c
Tradeoff_20bits_DW01_inc_0
                       enG5K             fsa0m_a_generic_core_ss1p62v125c
Tradeoff_20bits_DW01_inc_1
                       enG5K             fsa0m_a_generic_core_ss1p62v125c
Tradeoff_20bits_DW01_inc_2
                       enG5K             fsa0m_a_generic_core_ss1p62v125c
Tradeoff_20bits_DW01_sub_4
                       enG5K             fsa0m_a_generic_core_ss1p62v125c
Tradeoff_20bits_DW_mult_uns_0
                       enG5K             fsa0m_a_generic_core_ss1p62v125c
Tradeoff_20bits_DW01_sub_5
                       enG5K             fsa0m_a_generic_core_ss1p62v125c
Tradeoff_20bits_DW01_sub_6
                       enG5K             fsa0m_a_generic_core_ss1p62v125c
Tradeoff_20bits_DW_mult_uns_1
                       enG5K             fsa0m_a_generic_core_ss1p62v125c
Tradeoff_20bits_DW_mult_uns_2
                       enG5K             fsa0m_a_generic_core_ss1p62v125c
Tradeoff_20bits_DW_div_uns_2
                       enG10K            fsa0m_a_generic_core_ss1p62v125c
Tradeoff_20bits_DW01_add_90
                       enG5K             fsa0m_a_generic_core_ss1p62v125c
Tradeoff_20bits_DW01_add_97
                       enG5K             fsa0m_a_generic_core_ss1p62v125c
Tradeoff_20bits_DW01_add_98
                       enG5K             fsa0m_a_generic_core_ss1p62v125c
Tradeoff_20bits_DW01_add_99
                       enG5K             fsa0m_a_generic_core_ss1p62v125c
Tradeoff_20bits_DW01_add_100
                       enG5K             fsa0m_a_generic_core_ss1p62v125c
Tradeoff_20bits_DW01_add_101
                       enG5K             fsa0m_a_generic_core_ss1p62v125c
Tradeoff_20bits_DW01_add_102
                       enG5K             fsa0m_a_generic_core_ss1p62v125c
Tradeoff_20bits_DW01_add_103
                       enG5K             fsa0m_a_generic_core_ss1p62v125c
Tradeoff_20bits_DW01_add_104
                       enG5K             fsa0m_a_generic_core_ss1p62v125c
Tradeoff_20bits_DW01_add_105
                       enG5K             fsa0m_a_generic_core_ss1p62v125c
Tradeoff_20bits_DW01_add_106
                       enG5K             fsa0m_a_generic_core_ss1p62v125c
Tradeoff_20bits_DW01_add_107
                       enG5K             fsa0m_a_generic_core_ss1p62v125c
Tradeoff_20bits_DW01_add_108
                       enG5K             fsa0m_a_generic_core_ss1p62v125c
Tradeoff_20bits_DW01_add_109
                       enG5K             fsa0m_a_generic_core_ss1p62v125c
Tradeoff_20bits_DW01_add_110
                       enG5K             fsa0m_a_generic_core_ss1p62v125c
Tradeoff_20bits_DW01_add_111
                       enG5K             fsa0m_a_generic_core_ss1p62v125c
Tradeoff_20bits_DW01_add_112
                       enG5K             fsa0m_a_generic_core_ss1p62v125c
Tradeoff_20bits_DW01_add_113
                       enG5K             fsa0m_a_generic_core_ss1p62v125c
Tradeoff_20bits_DW01_add_114
                       enG5K             fsa0m_a_generic_core_ss1p62v125c
Tradeoff_20bits_DW01_add_115
                       enG5K             fsa0m_a_generic_core_ss1p62v125c
Tradeoff_20bits_DW01_add_116
                       enG5K             fsa0m_a_generic_core_ss1p62v125c
Tradeoff_20bits_DW01_add_117
                       enG5K             fsa0m_a_generic_core_ss1p62v125c
Tradeoff_20bits_DW01_add_118
                       enG5K             fsa0m_a_generic_core_ss1p62v125c
Tradeoff_20bits_DW01_add_119
                       enG5K             fsa0m_a_generic_core_ss1p62v125c
Tradeoff_20bits_DW01_add_120
                       enG5K             fsa0m_a_generic_core_ss1p62v125c
Tradeoff_20bits_DW01_add_121
                       enG5K             fsa0m_a_generic_core_ss1p62v125c
Tradeoff_20bits_DW01_add_122
                       enG5K             fsa0m_a_generic_core_ss1p62v125c
Tradeoff_20bits_DW01_add_123
                       enG5K             fsa0m_a_generic_core_ss1p62v125c
Tradeoff_20bits_DW01_add_124
                       enG5K             fsa0m_a_generic_core_ss1p62v125c
Tradeoff_20bits_DW01_add_125
                       enG5K             fsa0m_a_generic_core_ss1p62v125c
Tradeoff_20bits_DW01_add_126
                       enG5K             fsa0m_a_generic_core_ss1p62v125c
Tradeoff_20bits_DW01_add_127
                       enG5K             fsa0m_a_generic_core_ss1p62v125c
Tradeoff_20bits_DW01_add_128
                       enG5K             fsa0m_a_generic_core_ss1p62v125c
Tradeoff_20bits_DW01_add_129
                       enG5K             fsa0m_a_generic_core_ss1p62v125c
Tradeoff_20bits_DW01_add_130
                       enG5K             fsa0m_a_generic_core_ss1p62v125c
Tradeoff_20bits_DW01_add_131
                       enG5K             fsa0m_a_generic_core_ss1p62v125c
Tradeoff_20bits_DW01_add_132
                       enG5K             fsa0m_a_generic_core_ss1p62v125c
Tradeoff_20bits_DW01_add_133
                       enG5K             fsa0m_a_generic_core_ss1p62v125c
Tradeoff_20bits_DW01_add_134
                       enG5K             fsa0m_a_generic_core_ss1p62v125c
Tradeoff_20bits_DW01_add_135
                       enG5K             fsa0m_a_generic_core_ss1p62v125c
Tradeoff_20bits_DW01_add_136
                       enG5K             fsa0m_a_generic_core_ss1p62v125c
Tradeoff_20bits_DW01_add_137
                       enG5K             fsa0m_a_generic_core_ss1p62v125c
Tradeoff_20bits_DW01_add_138
                       enG5K             fsa0m_a_generic_core_ss1p62v125c
Tradeoff_20bits_DW01_add_139
                       enG5K             fsa0m_a_generic_core_ss1p62v125c
Tradeoff_20bits_DW01_add_140
                       enG5K             fsa0m_a_generic_core_ss1p62v125c
Tradeoff_20bits_DW01_add_141
                       enG5K             fsa0m_a_generic_core_ss1p62v125c
Tradeoff_20bits_DW01_add_142
                       enG5K             fsa0m_a_generic_core_ss1p62v125c
Tradeoff_20bits_DW01_add_143
                       enG5K             fsa0m_a_generic_core_ss1p62v125c
Tradeoff_20bits_DW01_add_144
                       enG5K             fsa0m_a_generic_core_ss1p62v125c
Tradeoff_20bits_DW01_add_145
                       enG5K             fsa0m_a_generic_core_ss1p62v125c
Tradeoff_20bits_DW_div_uns_7
                       enG5K             fsa0m_a_generic_core_ss1p62v125c


Global Operating Voltage = 1.62 
Power-specific unit information :
    Voltage Units = 1V
    Capacitance Units = 1.000000pf
    Time Units = 1ns
    Dynamic Power Units = 1mW    (derived from V,C,T units)
    Leakage Power Units = 1pW


Attributes
----------
i - Including register clock pin internal power


  Cell Internal Power  = 541.1673 uW   (60%)
  Net Switching Power  = 357.5577 uW   (40%)
                         ---------
Total Dynamic Power    = 898.7250 uW  (100%)

Cell Leakage Power     =   6.7435 uW


                 Internal         Switching           Leakage            Total
Power Group      Power            Power               Power              Power   (   %    )  Attrs
--------------------------------------------------------------------------------------------------
io_pad             0.0000            0.0000            0.0000            0.0000  (   0.00%)
memory             0.0000            0.0000            0.0000            0.0000  (   0.00%)
black_box          0.0000            0.0000            0.0000            0.0000  (   0.00%)
clock_network      0.1358            0.0000            0.0000            0.1358  (  14.99%)  i
register       1.4835e-02        1.4345e-02        5.2796e+05        2.9708e-02  (   3.28%)
sequential         0.0000            0.0000            0.0000            0.0000  (   0.00%)
combinational      0.3906            0.3432        6.2156e+06            0.7400  (  81.72%)
--------------------------------------------------------------------------------------------------
Total              0.5412 mW         0.3576 mW     6.7435e+06 pW         0.9055 mW
1
