Loading db file '/usr/cad/Library/CBDK018_UMC_Faraday_v1.0/CIC/SynopsysDC/db/fsa0m_a_generic_core_ss1p62v125c.db'
Information: Propagating switching activity (low effort zero delay simulation). (PWR-6)
Warning: Design has unannotated primary inputs. (PWR-414)
Warning: Design has unannotated sequential cell outputs. (PWR-415)
 
****************************************
Report : power
        -analysis_effort low
Design : DEC_LUT_Decoder24bits_clk
Version: U-2022.12-SP6
Date   : Mon May  5 23:06:59 2025
****************************************


Library(s) Used:

    fsa0m_a_generic_core_ss1p62v125c (File: /usr/cad/Library/CBDK018_UMC_Faraday_v1.0/CIC/SynopsysDC/db/fsa0m_a_generic_core_ss1p62v125c.db)


Operating Conditions: WCCOM   Library: fsa0m_a_generic_core_ss1p62v125c
Wire Load Model Mode: enclosed

Design        Wire Load Model            Library
------------------------------------------------
DEC_LUT_Decoder24bits_clk
                       enG30K            fsa0m_a_generic_core_ss1p62v125c
DEC_LUT_Decoder24bits_clk_DW01_sub_1
                       enG5K             fsa0m_a_generic_core_ss1p62v125c
DEC_LUT_Decoder24bits_clk_DW_mult_uns_0
                       enG5K             fsa0m_a_generic_core_ss1p62v125c
DEC_LUT_Decoder24bits_clk_DW01_add_101
                       enG5K             fsa0m_a_generic_core_ss1p62v125c
DEC_LUT_Decoder24bits_clk_DW01_add_162
                       enG5K             fsa0m_a_generic_core_ss1p62v125c
DEC_LUT_Decoder24bits_clk_DW01_add_163
                       enG5K             fsa0m_a_generic_core_ss1p62v125c
DEC_LUT_Decoder24bits_clk_DW01_add_164
                       enG5K             fsa0m_a_generic_core_ss1p62v125c
DEC_LUT_Decoder24bits_clk_DW01_add_165
                       enG5K             fsa0m_a_generic_core_ss1p62v125c
DEC_LUT_Decoder24bits_clk_DW01_add_166
                       enG5K             fsa0m_a_generic_core_ss1p62v125c
DEC_LUT_Decoder24bits_clk_DW01_add_167
                       enG5K             fsa0m_a_generic_core_ss1p62v125c
DEC_LUT_Decoder24bits_clk_DW01_add_168
                       enG5K             fsa0m_a_generic_core_ss1p62v125c
DEC_LUT_Decoder24bits_clk_DW01_add_169
                       enG5K             fsa0m_a_generic_core_ss1p62v125c
DEC_LUT_Decoder24bits_clk_DW01_add_170
                       enG5K             fsa0m_a_generic_core_ss1p62v125c
DEC_LUT_Decoder24bits_clk_DW01_add_171
                       enG5K             fsa0m_a_generic_core_ss1p62v125c
DEC_LUT_Decoder24bits_clk_DW01_add_172
                       enG5K             fsa0m_a_generic_core_ss1p62v125c
DEC_LUT_Decoder24bits_clk_DW01_add_173
                       enG5K             fsa0m_a_generic_core_ss1p62v125c
DEC_LUT_Decoder24bits_clk_DW01_add_174
                       enG5K             fsa0m_a_generic_core_ss1p62v125c
DEC_LUT_Decoder24bits_clk_DW01_inc_2
                       enG5K             fsa0m_a_generic_core_ss1p62v125c
DEC_LUT_Decoder24bits_clk_DW_inc_3
                       enG5K             fsa0m_a_generic_core_ss1p62v125c
DEC_LUT_Decoder24bits_clk_DW01_sub_4
                       enG5K             fsa0m_a_generic_core_ss1p62v125c
DEC_LUT_Decoder24bits_clk_DW01_add_175
                       enG5K             fsa0m_a_generic_core_ss1p62v125c
DEC_LUT_Decoder24bits_clk_DW01_add_176
                       enG5K             fsa0m_a_generic_core_ss1p62v125c
DEC_LUT_Decoder24bits_clk_DW01_add_177
                       enG5K             fsa0m_a_generic_core_ss1p62v125c
DEC_LUT_Decoder24bits_clk_DW01_add_178
                       enG5K             fsa0m_a_generic_core_ss1p62v125c
DEC_LUT_Decoder24bits_clk_DW01_add_179
                       enG5K             fsa0m_a_generic_core_ss1p62v125c
DEC_LUT_Decoder24bits_clk_DW01_add_180
                       enG5K             fsa0m_a_generic_core_ss1p62v125c
DEC_LUT_Decoder24bits_clk_DW01_add_181
                       enG5K             fsa0m_a_generic_core_ss1p62v125c
DEC_LUT_Decoder24bits_clk_DW01_add_182
                       enG5K             fsa0m_a_generic_core_ss1p62v125c
DEC_LUT_Decoder24bits_clk_DW01_add_183
                       enG5K             fsa0m_a_generic_core_ss1p62v125c
DEC_LUT_Decoder24bits_clk_DW01_add_184
                       enG5K             fsa0m_a_generic_core_ss1p62v125c
DEC_LUT_Decoder24bits_clk_DW01_add_185
                       enG5K             fsa0m_a_generic_core_ss1p62v125c
DEC_LUT_Decoder24bits_clk_DW01_add_186
                       enG5K             fsa0m_a_generic_core_ss1p62v125c
DEC_LUT_Decoder24bits_clk_DW01_add_187
                       enG5K             fsa0m_a_generic_core_ss1p62v125c
DEC_LUT_Decoder24bits_clk_DW01_add_188
                       enG5K             fsa0m_a_generic_core_ss1p62v125c
DEC_LUT_Decoder24bits_clk_DW01_add_189
                       enG5K             fsa0m_a_generic_core_ss1p62v125c
DEC_LUT_Decoder24bits_clk_DW01_add_190
                       enG5K             fsa0m_a_generic_core_ss1p62v125c
DEC_LUT_Decoder24bits_clk_DW01_add_191
                       enG5K             fsa0m_a_generic_core_ss1p62v125c
DEC_LUT_Decoder24bits_clk_DW01_add_192
                       enG5K             fsa0m_a_generic_core_ss1p62v125c
DEC_LUT_Decoder24bits_clk_DW01_add_193
                       enG5K             fsa0m_a_generic_core_ss1p62v125c
DEC_LUT_Decoder24bits_clk_DW01_add_194
                       enG5K             fsa0m_a_generic_core_ss1p62v125c
DEC_LUT_Decoder24bits_clk_DW01_add_195
                       enG5K             fsa0m_a_generic_core_ss1p62v125c
DEC_LUT_Decoder24bits_clk_DW01_add_196
                       enG5K             fsa0m_a_generic_core_ss1p62v125c
DEC_LUT_Decoder24bits_clk_DW01_add_197
                       enG5K             fsa0m_a_generic_core_ss1p62v125c
DEC_LUT_Decoder24bits_clk_DW01_add_198
                       enG5K             fsa0m_a_generic_core_ss1p62v125c
DEC_LUT_Decoder24bits_clk_DW01_add_199
                       enG5K             fsa0m_a_generic_core_ss1p62v125c
DEC_LUT_Decoder24bits_clk_DW01_add_200
                       enG5K             fsa0m_a_generic_core_ss1p62v125c
DEC_LUT_Decoder24bits_clk_DW01_add_201
                       enG5K             fsa0m_a_generic_core_ss1p62v125c
DEC_LUT_Decoder24bits_clk_DW01_add_202
                       enG5K             fsa0m_a_generic_core_ss1p62v125c
DEC_LUT_Decoder24bits_clk_DW01_add_203
                       enG5K             fsa0m_a_generic_core_ss1p62v125c
DEC_LUT_Decoder24bits_clk_DW01_add_204
                       enG5K             fsa0m_a_generic_core_ss1p62v125c
DEC_LUT_Decoder24bits_clk_DW01_add_205
                       enG5K             fsa0m_a_generic_core_ss1p62v125c
DEC_LUT_Decoder24bits_clk_DW01_add_206
                       enG5K             fsa0m_a_generic_core_ss1p62v125c
DEC_LUT_Decoder24bits_clk_DW01_add_207
                       enG5K             fsa0m_a_generic_core_ss1p62v125c
DEC_LUT_Decoder24bits_clk_DW01_add_208
                       enG5K             fsa0m_a_generic_core_ss1p62v125c
DEC_LUT_Decoder24bits_clk_DW01_add_209
                       enG5K             fsa0m_a_generic_core_ss1p62v125c
DEC_LUT_Decoder24bits_clk_DW01_add_210
                       enG5K             fsa0m_a_generic_core_ss1p62v125c
DEC_LUT_Decoder24bits_clk_DW01_add_211
                       enG5K             fsa0m_a_generic_core_ss1p62v125c
DEC_LUT_Decoder24bits_clk_DW01_add_212
                       enG5K             fsa0m_a_generic_core_ss1p62v125c
DEC_LUT_Decoder24bits_clk_DW01_add_213
                       enG5K             fsa0m_a_generic_core_ss1p62v125c
DEC_LUT_Decoder24bits_clk_DW01_add_214
                       enG5K             fsa0m_a_generic_core_ss1p62v125c
DEC_LUT_Decoder24bits_clk_DW01_add_215
                       enG5K             fsa0m_a_generic_core_ss1p62v125c
DEC_LUT_Decoder24bits_clk_DW01_add_216
                       enG5K             fsa0m_a_generic_core_ss1p62v125c
DEC_LUT_Decoder24bits_clk_DW01_add_217
                       enG5K             fsa0m_a_generic_core_ss1p62v125c
DEC_LUT_Decoder24bits_clk_DW01_add_218
                       enG5K             fsa0m_a_generic_core_ss1p62v125c
DEC_LUT_Decoder24bits_clk_DW01_add_219
                       enG5K             fsa0m_a_generic_core_ss1p62v125c
DEC_LUT_Decoder24bits_clk_DW_div_uns_5
                       enG5K             fsa0m_a_generic_core_ss1p62v125c


Global Operating Voltage = 1.62 
Power-specific unit information :
    Voltage Units = 1V
    Capacitance Units = 1.000000pf
    Time Units = 1ns
    Dynamic Power Units = 1mW    (derived from V,C,T units)
    Leakage Power Units = 1pW


Attributes
----------
i - Including register clock pin internal power


  Cell Internal Power  =   1.5495 mW   (47%)
  Net Switching Power  =   1.7437 mW   (53%)
                         ---------
Total Dynamic Power    =   3.2932 mW  (100%)

Cell Leakage Power     =  13.2072 uW


                 Internal         Switching           Leakage            Total
Power Group      Power            Power               Power              Power   (   %    )  Attrs
--------------------------------------------------------------------------------------------------
io_pad             0.0000            0.0000            0.0000            0.0000  (   0.00%)
memory             0.0000            0.0000            0.0000            0.0000  (   0.00%)
black_box          0.0000            0.0000            0.0000            0.0000  (   0.00%)
clock_network  6.5566e-02            0.0000            0.0000        6.5566e-02  (   1.98%)  i
register       2.2388e-02        1.5442e-02        2.7422e+05        3.8105e-02  (   1.15%)
sequential         0.0000            0.0000            0.0000            0.0000  (   0.00%)
combinational      1.4615            1.7283        1.2933e+07            3.2027  (  96.86%)
--------------------------------------------------------------------------------------------------
Total              1.5495 mW         1.7437 mW     1.3207e+07 pW         3.3064 mW
1
