 
****************************************
Report : area
Design : SEC_lLUT30bits
Version: U-2022.12-SP6
Date   : Tue Apr  8 15:54:38 2025
****************************************

Library(s) Used:

    fsa0m_a_generic_core_ss1p62v125c (File: /usr/cad/Library/CBDK018_UMC_Faraday_v1.0/CIC/SynopsysDC/db/fsa0m_a_generic_core_ss1p62v125c.db)

Number of ports:                           22
Number of nets:                           269
Number of cells:                          262
Number of combinational cells:            262
Number of sequential cells:                 0
Number of macros/black boxes:               0
Number of buf/inv:                         38
Number of references:                      22

Combinational area:               3546.648003
Buf/Inv area:                      237.484797
Noncombinational area:               0.000000
Macro/Black Box area:                0.000000
Net Interconnect area:      undefined  (Wire load has zero net area)

Total cell area:                  3546.648003
Total area:                 undefined
1
