 
****************************************
Report : area
Design : SEC_lLUT24bits
Version: U-2022.12-SP6
Date   : Tue Apr  8 15:44:44 2025
****************************************

Library(s) Used:

    fsa0m_a_generic_core_ss1p62v125c (File: /usr/cad/Library/CBDK018_UMC_Faraday_v1.0/CIC/SynopsysDC/db/fsa0m_a_generic_core_ss1p62v125c.db)

Number of ports:                           21
Number of nets:                           232
Number of cells:                          225
Number of combinational cells:            225
Number of sequential cells:                 0
Number of macros/black boxes:               0
Number of buf/inv:                         33
Number of references:                      21

Combinational area:               3012.307206
Buf/Inv area:                      206.236798
Noncombinational area:               0.000000
Macro/Black Box area:                0.000000
Net Interconnect area:      undefined  (Wire load has zero net area)

Total cell area:                  3012.307206
Total area:                 undefined
1
