 
****************************************
Report : area
Design : SEC_lLUT12bits
Version: U-2022.12-SP6
Date   : Tue Apr  8 15:19:12 2025
****************************************

Library(s) Used:

    fsa0m_a_generic_core_ss1p62v125c (File: /usr/cad/Library/CBDK018_UMC_Faraday_v1.0/CIC/SynopsysDC/db/fsa0m_a_generic_core_ss1p62v125c.db)

Number of ports:                           18
Number of nets:                           146
Number of cells:                          140
Number of combinational cells:            140
Number of sequential cells:                 0
Number of macros/black boxes:               0
Number of buf/inv:                         26
Number of references:                      22

Combinational area:               1853.006404
Buf/Inv area:                      162.489598
Noncombinational area:               0.000000
Macro/Black Box area:                0.000000
Net Interconnect area:      undefined  (Wire load has zero net area)

Total cell area:                  1853.006404
Total area:                 undefined
1
