 
****************************************
Report : area
Design : DEC_rLUT20bits
Version: U-2022.12-SP6
Date   : Tue Apr  8 16:38:05 2025
****************************************

Library(s) Used:

    fsa0m_a_generic_core_ss1p62v125c (File: /usr/cad/Library/CBDK018_UMC_Faraday_v1.0/CIC/SynopsysDC/db/fsa0m_a_generic_core_ss1p62v125c.db)

Number of ports:                           27
Number of nets:                          3502
Number of cells:                         3489
Number of combinational cells:           3489
Number of sequential cells:                 0
Number of macros/black boxes:               0
Number of buf/inv:                        311
Number of references:                      39

Combinational area:              52190.409680
Buf/Inv area:                     2043.619186
Noncombinational area:               0.000000
Macro/Black Box area:                0.000000
Net Interconnect area:      undefined  (Wire load has zero net area)

Total cell area:                 52190.409680
Total area:                 undefined
1
