 
****************************************
Report : area
Design : Tradeoff_52bits
Version: U-2022.12-SP6
Date   : Sun May 11 17:04:07 2025
****************************************

Library(s) Used:

    fsa0m_a_generic_core_ss1p62v125c (File: /usr/cad/Library/CBDK018_UMC_Faraday_v1.0/CIC/SynopsysDC/db/fsa0m_a_generic_core_ss1p62v125c.db)

Number of ports:                         8963
Number of nets:                         20952
Number of cells:                        15160
Number of combinational cells:          14769
Number of sequential cells:               252
Number of macros/black boxes:               0
Number of buf/inv:                       3649
Number of references:                     263

Combinational area:             268173.458896
Buf/Inv area:                    37606.967624
Noncombinational area:           16667.683044
Macro/Black Box area:                0.000000
Net Interconnect area:      undefined  (Wire load has zero net area)

Total cell area:                284841.141941
Total area:                 undefined
1
