Loading db file '/usr/cad/Library/CBDK018_UMC_Faraday_v1.0/CIC/SynopsysDC/db/fsa0m_a_generic_core_ss1p62v125c.db'
Information: Propagating switching activity (low effort zero delay simulation). (PWR-6)
Warning: Design has unannotated primary inputs. (PWR-414)
Warning: Design has unannotated sequential cell outputs. (PWR-415)
 
****************************************
Report : power
        -analysis_effort low
Design : Tradeoff_12bits
Version: U-2022.12-SP6
Date   : Wed Apr 30 18:52:18 2025
****************************************


Library(s) Used:

    fsa0m_a_generic_core_ss1p62v125c (File: /usr/cad/Library/CBDK018_UMC_Faraday_v1.0/CIC/SynopsysDC/db/fsa0m_a_generic_core_ss1p62v125c.db)


Operating Conditions: WCCOM   Library: fsa0m_a_generic_core_ss1p62v125c
Wire Load Model Mode: enclosed

Design        Wire Load Model            Library
------------------------------------------------
Tradeoff_12bits        enG10K            fsa0m_a_generic_core_ss1p62v125c
SEC_rLUT12bits         enG5K             fsa0m_a_generic_core_ss1p62v125c
SEC_lLUT12bits         enG5K             fsa0m_a_generic_core_ss1p62v125c
Tradeoff_12bits_DW_div_uns_0
                       enG5K             fsa0m_a_generic_core_ss1p62v125c
Tradeoff_12bits_DW01_sub_1
                       enG5K             fsa0m_a_generic_core_ss1p62v125c
Tradeoff_12bits_DW01_sub_4
                       enG5K             fsa0m_a_generic_core_ss1p62v125c
Tradeoff_12bits_DW_mult_uns_0
                       enG5K             fsa0m_a_generic_core_ss1p62v125c
Tradeoff_12bits_DW01_sub_5
                       enG5K             fsa0m_a_generic_core_ss1p62v125c
Tradeoff_12bits_DW01_sub_6
                       enG5K             fsa0m_a_generic_core_ss1p62v125c
Tradeoff_12bits_DW_mult_uns_1
                       enG5K             fsa0m_a_generic_core_ss1p62v125c
Tradeoff_12bits_DW_mult_uns_2
                       enG5K             fsa0m_a_generic_core_ss1p62v125c
Tradeoff_12bits_DW_div_uns_6
                       enG5K             fsa0m_a_generic_core_ss1p62v125c


Global Operating Voltage = 1.62 
Power-specific unit information :
    Voltage Units = 1V
    Capacitance Units = 1.000000pf
    Time Units = 1ns
    Dynamic Power Units = 1mW    (derived from V,C,T units)
    Leakage Power Units = 1pW


Attributes
----------
i - Including register clock pin internal power


  Cell Internal Power  = 300.2417 uW   (66%)
  Net Switching Power  = 153.7489 uW   (34%)
                         ---------
Total Dynamic Power    = 453.9906 uW  (100%)

Cell Leakage Power     =   3.2458 uW


                 Internal         Switching           Leakage            Total
Power Group      Power            Power               Power              Power   (   %    )  Attrs
--------------------------------------------------------------------------------------------------
io_pad             0.0000            0.0000            0.0000            0.0000  (   0.00%)
memory             0.0000            0.0000            0.0000            0.0000  (   0.00%)
black_box          0.0000            0.0000            0.0000            0.0000  (   0.00%)
clock_network      0.1061            0.0000            0.0000            0.1061  (  23.21%)  i
register       1.2685e-02        8.7041e-03        4.1800e+05        2.1807e-02  (   4.77%)
sequential         0.0000            0.0000            0.0000            0.0000  (   0.00%)
combinational      0.1814            0.1450        2.8278e+06            0.3293  (  72.02%)
--------------------------------------------------------------------------------------------------
Total              0.3002 mW         0.1537 mW     3.2458e+06 pW         0.4572 mW
1
