 
****************************************
Report : area
Design : SEC_rLUT8bits
Version: U-2022.12-SP6
Date   : Tue Apr  8 15:14:59 2025
****************************************

Library(s) Used:

    fsa0m_a_generic_core_ss1p62v125c (File: /usr/cad/Library/CBDK018_UMC_Faraday_v1.0/CIC/SynopsysDC/db/fsa0m_a_generic_core_ss1p62v125c.db)

Number of ports:                           17
Number of nets:                           177
Number of cells:                          166
Number of combinational cells:            166
Number of sequential cells:                 0
Number of macros/black boxes:               0
Number of buf/inv:                         35
Number of references:                      16

Combinational area:               2009.246395
Buf/Inv area:                      218.735998
Noncombinational area:               0.000000
Macro/Black Box area:                0.000000
Net Interconnect area:      undefined  (Wire load has zero net area)

Total cell area:                  2009.246395
Total area:                 undefined
1
