 
****************************************
Report : area
Design : SEC_rLUT20bits
Version: U-2022.12-SP6
Date   : Tue Apr  8 15:41:05 2025
****************************************

Library(s) Used:

    fsa0m_a_generic_core_ss1p62v125c (File: /usr/cad/Library/CBDK018_UMC_Faraday_v1.0/CIC/SynopsysDC/db/fsa0m_a_generic_core_ss1p62v125c.db)

Number of ports:                           20
Number of nets:                           273
Number of cells:                          260
Number of combinational cells:            260
Number of sequential cells:                 0
Number of macros/black boxes:               0
Number of buf/inv:                         51
Number of references:                      21

Combinational area:               3218.543993
Buf/Inv area:                      318.729597
Noncombinational area:               0.000000
Macro/Black Box area:                0.000000
Net Interconnect area:      undefined  (Wire load has zero net area)

Total cell area:                  3218.543993
Total area:                 undefined
1
