 
****************************************
Report : area
Design : SEC_rLUT12bits
Version: U-2022.12-SP6
Date   : Tue Apr  8 15:20:13 2025
****************************************

Library(s) Used:

    fsa0m_a_generic_core_ss1p62v125c (File: /usr/cad/Library/CBDK018_UMC_Faraday_v1.0/CIC/SynopsysDC/db/fsa0m_a_generic_core_ss1p62v125c.db)

Number of ports:                           18
Number of nets:                           209
Number of cells:                          197
Number of combinational cells:            197
Number of sequential cells:                 0
Number of macros/black boxes:               0
Number of buf/inv:                         40
Number of references:                      20

Combinational area:               2371.723199
Buf/Inv area:                      249.983997
Noncombinational area:               0.000000
Macro/Black Box area:                0.000000
Net Interconnect area:      undefined  (Wire load has zero net area)

Total cell area:                  2371.723199
Total area:                 undefined
1
