 
****************************************
Report : area
Design : SEC_rLUT4bits
Version: U-2022.12-SP6
Date   : Tue Apr  8 15:08:13 2025
****************************************

Library(s) Used:

    fsa0m_a_generic_core_ss1p62v125c (File: /usr/cad/Library/CBDK018_UMC_Faraday_v1.0/CIC/SynopsysDC/db/fsa0m_a_generic_core_ss1p62v125c.db)

Number of ports:                           15
Number of nets:                           119
Number of cells:                          109
Number of combinational cells:            109
Number of sequential cells:                 0
Number of macros/black boxes:               0
Number of buf/inv:                         22
Number of references:                      17

Combinational area:               1387.411201
Buf/Inv area:                      137.491199
Noncombinational area:               0.000000
Macro/Black Box area:                0.000000
Net Interconnect area:      undefined  (Wire load has zero net area)

Total cell area:                  1387.411201
Total area:                 undefined
1
