 
****************************************
Report : area
Design : Tradeoff_24bits
Version: U-2022.12-SP6
Date   : Wed Apr 30 20:32:14 2025
****************************************

Library(s) Used:

    fsa0m_a_generic_core_ss1p62v125c (File: /usr/cad/Library/CBDK018_UMC_Faraday_v1.0/CIC/SynopsysDC/db/fsa0m_a_generic_core_ss1p62v125c.db)

Number of ports:                         4189
Number of nets:                         10279
Number of cells:                         7556
Number of combinational cells:           7326
Number of sequential cells:               157
Number of macros/black boxes:               0
Number of buf/inv:                       1853
Number of references:                      49

Combinational area:             115789.463314
Buf/Inv area:                    12742.934271
Noncombinational area:            9149.414429
Macro/Black Box area:                0.000000
Net Interconnect area:      undefined  (Wire load has zero net area)

Total cell area:                124938.877742
Total area:                 undefined
1
