 
****************************************
Report : area
Design : Tradeoff_30bits
Version: U-2022.12-SP6
Date   : Wed Apr 30 21:30:17 2025
****************************************

Library(s) Used:

    fsa0m_a_generic_core_ss1p62v125c (File: /usr/cad/Library/CBDK018_UMC_Faraday_v1.0/CIC/SynopsysDC/db/fsa0m_a_generic_core_ss1p62v125c.db)

Number of ports:                         5305
Number of nets:                         13315
Number of cells:                         9869
Number of combinational cells:           9603
Number of sequential cells:               179
Number of macros/black boxes:               0
Number of buf/inv:                       2511
Number of references:                      51

Combinational area:             155218.189386
Buf/Inv area:                    18645.681407
Noncombinational area:           10455.580814
Macro/Black Box area:                0.000000
Net Interconnect area:      undefined  (Wire load has zero net area)

Total cell area:                165673.770201
Total area:                 undefined
1
