 
****************************************
Report : area
Design : SECdecoder_AWE_28bits_clk
Version: U-2022.12-SP6
Date   : Fri May 23 18:08:37 2025
****************************************

Library(s) Used:

    fsa0m_a_generic_core_ss1p62v125c (File: /usr/cad/Library/CBDK018_UMC_Faraday_v1.0/CIC/SynopsysDC/db/fsa0m_a_generic_core_ss1p62v125c.db)

Number of ports:                          533
Number of nets:                          4830
Number of cells:                         4427
Number of combinational cells:           4317
Number of sequential cells:               105
Number of macros/black boxes:               0
Number of buf/inv:                        807
Number of references:                      37

Combinational area:             102037.217900
Buf/Inv area:                     5074.675146
Noncombinational area:            5596.516914
Macro/Black Box area:                0.000000
Net Interconnect area:      undefined  (Wire load has zero net area)

Total cell area:                107633.734815
Total area:                 undefined
1
