 
****************************************
Report : area
Design : DEC_LUT_Decoder16bits_clk
Version: U-2022.12-SP6
Date   : Mon May  5 20:49:36 2025
****************************************

Library(s) Used:

    fsa0m_a_generic_core_ss1p62v125c (File: /usr/cad/Library/CBDK018_UMC_Faraday_v1.0/CIC/SynopsysDC/db/fsa0m_a_generic_core_ss1p62v125c.db)

Number of ports:                         2880
Number of nets:                         10097
Number of cells:                         8388
Number of combinational cells:           8287
Number of sequential cells:                50
Number of macros/black boxes:               0
Number of buf/inv:                       1820
Number of references:                     111

Combinational area:             128404.281260
Buf/Inv area:                    15039.662264
Noncombinational area:            2752.948807
Macro/Black Box area:                0.000000
Net Interconnect area:      undefined  (Wire load has zero net area)

Total cell area:                131157.230066
Total area:                 undefined
1
