 
****************************************
Report : area
Design : Tradeoff_8bits
Version: U-2022.12-SP6
Date   : Wed Apr 30 16:41:20 2025
****************************************

Library(s) Used:

    fsa0m_a_generic_core_ss1p62v125c (File: /usr/cad/Library/CBDK018_UMC_Faraday_v1.0/CIC/SynopsysDC/db/fsa0m_a_generic_core_ss1p62v125c.db)

Number of ports:                          589
Number of nets:                          2138
Number of cells:                         1521
Number of combinational cells:           1416
Number of sequential cells:                94
Number of macros/black boxes:               0
Number of buf/inv:                        222
Number of references:                      41

Combinational area:              29095.012531
Buf/Inv area:                     1431.158385
Noncombinational area:            5521.521606
Macro/Black Box area:                0.000000
Net Interconnect area:      undefined  (Wire load has zero net area)

Total cell area:                 34616.534137
Total area:                 undefined
1
