 
****************************************
Report : area
Design : SECdecoder_location_28bits_clk
Version: U-2022.12-SP6
Date   : Fri May 23 17:28:59 2025
****************************************

Library(s) Used:

    fsa0m_a_generic_core_ss1p62v125c (File: /usr/cad/Library/CBDK018_UMC_Faraday_v1.0/CIC/SynopsysDC/db/fsa0m_a_generic_core_ss1p62v125c.db)

Number of ports:                          691
Number of nets:                          5182
Number of cells:                         4644
Number of combinational cells:           4532
Number of sequential cells:               105
Number of macros/black boxes:               0
Number of buf/inv:                        812
Number of references:                      45

Combinational area:             106202.576233
Buf/Inv area:                     5118.422346
Noncombinational area:            5596.516914
Macro/Black Box area:                0.000000
Net Interconnect area:      undefined  (Wire load has zero net area)

Total cell area:                111799.093148
Total area:                 undefined
1
