 
****************************************
Report : timing
        -path full
        -delay max
        -max_paths 1
Design : SECdecoder_location_28bits_clk
Version: U-2022.12-SP6
Date   : Fri May 23 17:28:59 2025
****************************************

Operating Conditions: WCCOM   Library: fsa0m_a_generic_core_ss1p62v125c
Wire Load Model Mode: enclosed

  Startpoint: r_reg_1_ (rising edge-triggered flip-flop clocked by clk)
  Endpoint: W_new_reg_35_
            (rising edge-triggered flip-flop clocked by clk)
  Path Group: clk
  Path Type: max

  Des/Clust/Port     Wire Load Model       Library
  ------------------------------------------------
  SECdecoder_location_28bits_clk
                     enG30K                fsa0m_a_generic_core_ss1p62v125c
  SECdecoder_location_28bits_clk_DW_mult_uns_1
                     enG5K                 fsa0m_a_generic_core_ss1p62v125c
  SECdecoder_location_28bits_clk_DW01_sub_2
                     enG5K                 fsa0m_a_generic_core_ss1p62v125c

  Point                                                                   Incr       Path
  ------------------------------------------------------------------------------------------
  clock clk (rise edge)                                                   0.00       0.00
  clock network delay (ideal)                                             1.00       1.00
  r_reg_1_/CK (QDFFN)                                                     0.00       1.00 r
  r_reg_1_/Q (QDFFN)                                                      0.43       1.43 f
  U532/O (INV1S)                                                          0.24       1.67 r
  U534/O (OR2)                                                            0.61       2.28 r
  U535/O (INV1S)                                                          1.09       3.37 f
  U321/O (ND2)                                                            0.41       3.78 r
  U319/O (AN3)                                                            0.32       4.10 r
  U318/O (OA112)                                                          0.33       4.43 r
  U416/O (AN4B1S)                                                         0.34       4.77 r
  U414/O (ND3)                                                            0.20       4.97 f
  U300/O (OR3B2)                                                          1.46       6.43 f
  U391/O (MOAI1)                                                          0.95       7.38 f
  U671/O (NR2)                                                            0.45       7.83 r
  U343/O (INV1S)                                                          0.23       8.05 f
  U673/O (NR2)                                                            0.28       8.33 r
  U344/O (INV1S)                                                          0.22       8.55 f
  U675/O (NR2)                                                            0.28       8.83 r
  U345/O (INV1S)                                                          0.22       9.05 f
  U677/O (NR2)                                                            0.28       9.32 r
  U342/O (INV1S)                                                          0.33       9.66 f
  U680/O (OR2)                                                            0.28       9.94 f
  U682/O (AO12)                                                           0.26      10.20 f
  U404/O (NR2)                                                            0.68      10.87 r
  U683/O (OR3B2)                                                          0.65      11.53 f
  U350/O (NR2)                                                            0.44      11.97 r
  mult_146/b[0] (SECdecoder_location_28bits_clk_DW_mult_uns_1)            0.00      11.97 r
  mult_146/U152/O (AN2B1S)                                                0.18      12.15 f
  mult_146/U38/S (HA1)                                                    0.36      12.50 r
  mult_146/product[1] (SECdecoder_location_28bits_clk_DW_mult_uns_1)      0.00      12.50 r
  sub_146_2/B[1] (SECdecoder_location_28bits_clk_DW01_sub_2)              0.00      12.50 r
  sub_146_2/U36/O (INV1S)                                                 0.13      12.63 f
  sub_146_2/U2_1/CO (FA1S)                                                0.50      13.13 f
  sub_146_2/U2_2/CO (FA1S)                                                0.49      13.62 f
  sub_146_2/U2_3/CO (FA1S)                                                0.49      14.12 f
  sub_146_2/U2_4/CO (FA1S)                                                0.49      14.61 f
  sub_146_2/U2_5/CO (FA1S)                                                0.49      15.11 f
  sub_146_2/U2_6/CO (FA1S)                                                0.49      15.60 f
  sub_146_2/U2_7/CO (FA1S)                                                0.49      16.09 f
  sub_146_2/U2_8/CO (FA1S)                                                0.49      16.59 f
  sub_146_2/U2_9/CO (FA1S)                                                0.49      17.08 f
  sub_146_2/U2_10/CO (FA1S)                                               0.49      17.58 f
  sub_146_2/U2_11/CO (FA1S)                                               0.49      18.07 f
  sub_146_2/U2_12/CO (FA1S)                                               0.49      18.56 f
  sub_146_2/U2_13/CO (FA1S)                                               0.49      19.06 f
  sub_146_2/U2_14/CO (FA1S)                                               0.49      19.55 f
  sub_146_2/U2_15/CO (FA1S)                                               0.49      20.04 f
  sub_146_2/U2_16/CO (FA1S)                                               0.49      20.54 f
  sub_146_2/U2_17/CO (FA1S)                                               0.49      21.03 f
  sub_146_2/U2_18/CO (FA1S)                                               0.49      21.53 f
  sub_146_2/U2_19/CO (FA1S)                                               0.49      22.02 f
  sub_146_2/U2_20/CO (FA1S)                                               0.49      22.51 f
  sub_146_2/U2_21/CO (FA1S)                                               0.49      23.01 f
  sub_146_2/U2_22/CO (FA1S)                                               0.49      23.50 f
  sub_146_2/U2_23/CO (FA1S)                                               0.49      23.99 f
  sub_146_2/U2_24/CO (FA1S)                                               0.49      24.49 f
  sub_146_2/U2_25/CO (FA1S)                                               0.49      24.98 f
  sub_146_2/U2_26/CO (FA1S)                                               0.49      25.48 f
  sub_146_2/U2_27/CO (FA1S)                                               0.49      25.97 f
  sub_146_2/U2_28/CO (FA1S)                                               0.49      26.46 f
  sub_146_2/U2_29/CO (FA1S)                                               0.49      26.96 f
  sub_146_2/U2_30/CO (FA1S)                                               0.49      27.45 f
  sub_146_2/U2_31/CO (FA1S)                                               0.49      27.94 f
  sub_146_2/U2_32/CO (FA1S)                                               0.49      28.44 f
  sub_146_2/U2_33/CO (FA1S)                                               0.49      28.93 f
  sub_146_2/U2_34/CO (FA1S)                                               0.47      29.40 f
  sub_146_2/U2_35/O (XOR3)                                                0.33      29.72 f
  sub_146_2/DIFF[35] (SECdecoder_location_28bits_clk_DW01_sub_2)          0.00      29.72 f
  U602/O (MUX2)                                                           0.31      30.04 f
  W_new_reg_35_/D (QDFFN)                                                 0.00      30.04 f
  data arrival time                                                                 30.04

  clock clk (rise edge)                                                  40.00      40.00
  clock network delay (ideal)                                             1.00      41.00
  clock uncertainty                                                      -0.30      40.70
  W_new_reg_35_/CK (QDFFN)                                                0.00      40.70 r
  library setup time                                                     -0.13      40.57
  data required time                                                                40.57
  ------------------------------------------------------------------------------------------
  data required time                                                                40.57
  data arrival time                                                                -30.04
  ------------------------------------------------------------------------------------------
  slack (MET)                                                                       10.53


1
