 
****************************************
Report : area
Design : SEC_LUT_Decoder20bits
Version: U-2022.12-SP6
Date   : Tue Feb 11 16:12:12 2025
****************************************

Library(s) Used:

    fsa0m_a_generic_core_ss1p62v125c (File: /usr/cad/Library/CBDK018_UMC_Faraday_v1.0/CIC/SynopsysDC/db/fsa0m_a_generic_core_ss1p62v125c.db)

Number of ports:                          438
Number of nets:                          2447
Number of cells:                         1840
Number of combinational cells:           1835
Number of sequential cells:                 0
Number of macros/black boxes:               0
Number of buf/inv:                        228
Number of references:                      22

Combinational area:              40531.780282
Buf/Inv area:                     1424.908785
Noncombinational area:               0.000000
Macro/Black Box area:                0.000000
Net Interconnect area:      undefined  (Wire load has zero net area)

Total cell area:                 40531.780282
Total area:                 undefined
1
