 
****************************************
Report : area
Design : SEC_LUT_Decoder16bits
Version: U-2022.12-SP6
Date   : Tue Feb 11 16:10:47 2025
****************************************

Library(s) Used:

    fsa0m_a_generic_core_ss1p62v125c (File: /usr/cad/Library/CBDK018_UMC_Faraday_v1.0/CIC/SynopsysDC/db/fsa0m_a_generic_core_ss1p62v125c.db)

Number of ports:                          409
Number of nets:                          2119
Number of cells:                         1618
Number of combinational cells:           1613
Number of sequential cells:                 0
Number of macros/black boxes:               0
Number of buf/inv:                        201
Number of references:                      25

Combinational area:              34779.023589
Buf/Inv area:                     1262.419187
Noncombinational area:               0.000000
Macro/Black Box area:                0.000000
Net Interconnect area:      undefined  (Wire load has zero net area)

Total cell area:                 34779.023589
Total area:                 undefined
1
