 
****************************************
Report : area
Design : SEC_LUT_Decoder8bits
Version: U-2022.12-SP6
Date   : Tue Feb 11 16:06:02 2025
****************************************

Library(s) Used:

    fsa0m_a_generic_core_ss1p62v125c (File: /usr/cad/Library/CBDK018_UMC_Faraday_v1.0/CIC/SynopsysDC/db/fsa0m_a_generic_core_ss1p62v125c.db)

Number of ports:                          275
Number of nets:                          1124
Number of cells:                          884
Number of combinational cells:            880
Number of sequential cells:                 0
Number of macros/black boxes:               0
Number of buf/inv:                        114
Number of references:                      34

Combinational area:              18339.451016
Buf/Inv area:                      712.454392
Noncombinational area:               0.000000
Macro/Black Box area:                0.000000
Net Interconnect area:      undefined  (Wire load has zero net area)

Total cell area:                 18339.451016
Total area:                 undefined
1
