 
****************************************
Report : timing
        -path full
        -delay max
        -max_paths 1
Design : SECdecoder_AWE_52bits_clk
Version: U-2022.12-SP6
Date   : Fri May 23 18:38:08 2025
****************************************

Operating Conditions: WCCOM   Library: fsa0m_a_generic_core_ss1p62v125c
Wire Load Model Mode: enclosed

  Startpoint: r_reg_7_ (rising edge-triggered flip-flop clocked by clk)
  Endpoint: W_new_reg_60_
            (rising edge-triggered flip-flop clocked by clk)
  Path Group: clk
  Path Type: max

  Des/Clust/Port     Wire Load Model       Library
  ------------------------------------------------
  SECdecoder_AWE_52bits_clk
                     enG30K                fsa0m_a_generic_core_ss1p62v125c
  SECdecoder_AWE_52bits_clk_DW01_sub_0
                     enG5K                 fsa0m_a_generic_core_ss1p62v125c

  Point                                                        Incr       Path
  -------------------------------------------------------------------------------
  clock clk (rise edge)                                        0.00       0.00
  clock network delay (ideal)                                  1.00       1.00
  r_reg_7_/CK (DFCLRBN)                                        0.00       1.00 r
  r_reg_7_/Q (DFCLRBN)                                         0.50       1.50 f
  U683/O (NR2)                                                 0.77       2.27 r
  U611/O (INV1S)                                               0.29       2.57 f
  U684/O (NR3)                                                 0.53       3.10 r
  U352/O (ND2)                                                 0.63       3.73 f
  U779/O (OAI12HS)                                             0.45       4.18 r
  sub_188/B[0] (SECdecoder_AWE_52bits_clk_DW01_sub_0)          0.00       4.18 r
  sub_188/U64/O (ND2)                                          0.15       4.33 f
  sub_188/U2_1/CO (FA1S)                                       0.49       4.82 f
  sub_188/U2_2/CO (FA1S)                                       0.49       5.32 f
  sub_188/U2_3/CO (FA1S)                                       0.49       5.81 f
  sub_188/U2_4/CO (FA1S)                                       0.49       6.30 f
  sub_188/U2_5/CO (FA1S)                                       0.49       6.80 f
  sub_188/U2_6/CO (FA1S)                                       0.49       7.29 f
  sub_188/U2_7/CO (FA1S)                                       0.49       7.78 f
  sub_188/U2_8/CO (FA1S)                                       0.49       8.28 f
  sub_188/U2_9/CO (FA1S)                                       0.49       8.77 f
  sub_188/U2_10/CO (FA1S)                                      0.49       9.27 f
  sub_188/U2_11/CO (FA1S)                                      0.49       9.76 f
  sub_188/U2_12/CO (FA1S)                                      0.49      10.25 f
  sub_188/U2_13/CO (FA1S)                                      0.49      10.75 f
  sub_188/U2_14/CO (FA1S)                                      0.49      11.24 f
  sub_188/U2_15/CO (FA1S)                                      0.49      11.74 f
  sub_188/U2_16/CO (FA1S)                                      0.49      12.23 f
  sub_188/U2_17/CO (FA1S)                                      0.49      12.72 f
  sub_188/U2_18/CO (FA1S)                                      0.49      13.22 f
  sub_188/U2_19/CO (FA1S)                                      0.49      13.71 f
  sub_188/U2_20/CO (FA1S)                                      0.49      14.20 f
  sub_188/U2_21/CO (FA1S)                                      0.49      14.70 f
  sub_188/U2_22/CO (FA1S)                                      0.49      15.19 f
  sub_188/U2_23/CO (FA1S)                                      0.49      15.69 f
  sub_188/U2_24/CO (FA1S)                                      0.49      16.18 f
  sub_188/U2_25/CO (FA1S)                                      0.49      16.67 f
  sub_188/U2_26/CO (FA1S)                                      0.49      17.17 f
  sub_188/U2_27/CO (FA1S)                                      0.49      17.66 f
  sub_188/U2_28/CO (FA1S)                                      0.49      18.15 f
  sub_188/U2_29/CO (FA1S)                                      0.49      18.65 f
  sub_188/U2_30/CO (FA1S)                                      0.49      19.14 f
  sub_188/U2_31/CO (FA1S)                                      0.49      19.64 f
  sub_188/U2_32/CO (FA1S)                                      0.49      20.13 f
  sub_188/U2_33/CO (FA1S)                                      0.49      20.62 f
  sub_188/U2_34/CO (FA1S)                                      0.49      21.12 f
  sub_188/U2_35/CO (FA1S)                                      0.49      21.61 f
  sub_188/U2_36/CO (FA1S)                                      0.49      22.10 f
  sub_188/U2_37/CO (FA1S)                                      0.49      22.60 f
  sub_188/U2_38/CO (FA1S)                                      0.49      23.09 f
  sub_188/U2_39/CO (FA1S)                                      0.49      23.59 f
  sub_188/U2_40/CO (FA1S)                                      0.49      24.08 f
  sub_188/U2_41/CO (FA1S)                                      0.49      24.57 f
  sub_188/U2_42/CO (FA1S)                                      0.49      25.07 f
  sub_188/U2_43/CO (FA1S)                                      0.49      25.56 f
  sub_188/U2_44/CO (FA1S)                                      0.49      26.05 f
  sub_188/U2_45/CO (FA1S)                                      0.49      26.55 f
  sub_188/U2_46/CO (FA1S)                                      0.49      27.04 f
  sub_188/U2_47/CO (FA1S)                                      0.49      27.54 f
  sub_188/U2_48/CO (FA1S)                                      0.49      28.03 f
  sub_188/U2_49/CO (FA1S)                                      0.49      28.52 f
  sub_188/U2_50/CO (FA1S)                                      0.49      29.02 f
  sub_188/U2_51/CO (FA1S)                                      0.49      29.51 f
  sub_188/U2_52/CO (FA1S)                                      0.49      30.01 f
  sub_188/U2_53/CO (FA1S)                                      0.49      30.50 f
  sub_188/U2_54/CO (FA1S)                                      0.49      30.99 f
  sub_188/U2_55/CO (FA1S)                                      0.49      31.49 f
  sub_188/U2_56/CO (FA1S)                                      0.49      31.98 f
  sub_188/U2_57/CO (FA1S)                                      0.49      32.47 f
  sub_188/U2_58/CO (FA1S)                                      0.49      32.97 f
  sub_188/U2_59/CO (FA1S)                                      0.47      33.43 f
  sub_188/U2_60/O (XOR3)                                       0.34      33.77 f
  sub_188/DIFF[60] (SECdecoder_AWE_52bits_clk_DW01_sub_0)      0.00      33.77 f
  W_new_reg_60_/D (DFCLRBN)                                    0.00      33.77 f
  data arrival time                                                      33.77

  clock clk (rise edge)                                       60.00      60.00
  clock network delay (ideal)                                  1.00      61.00
  clock uncertainty                                           -0.30      60.70
  W_new_reg_60_/CK (DFCLRBN)                                   0.00      60.70 r
  library setup time                                          -0.24      60.46
  data required time                                                     60.46
  -------------------------------------------------------------------------------
  data required time                                                     60.46
  data arrival time                                                     -33.77
  -------------------------------------------------------------------------------
  slack (MET)                                                            26.69


1
