 
****************************************
Report : area
Design : SECdecoder_AWE_52bits_clk
Version: U-2022.12-SP6
Date   : Fri May 23 18:38:08 2025
****************************************

Library(s) Used:

    fsa0m_a_generic_core_ss1p62v125c (File: /usr/cad/Library/CBDK018_UMC_Faraday_v1.0/CIC/SynopsysDC/db/fsa0m_a_generic_core_ss1p62v125c.db)

Number of ports:                          866
Number of nets:                          8852
Number of cells:                         8167
Number of combinational cells:           7983
Number of sequential cells:               179
Number of macros/black boxes:               0
Number of buf/inv:                       1472
Number of references:                      39

Combinational area:             212092.671963
Buf/Inv area:                     9586.886298
Noncombinational area:           14477.197830
Macro/Black Box area:                0.000000
Net Interconnect area:      undefined  (Wire load has zero net area)

Total cell area:                226569.869793
Total area:                 undefined

Hierarchical area distribution
------------------------------

                                  Global cell area              Local cell area
                                  --------------------  ------------------------------- 
Hierarchical cell                 Absolute     Percent  Combi-       Noncombi-   Black-
                                  Total        Total    national     national    boxes   Design
--------------------------------  -----------  -------  -----------  ----------  ------  --------------------------------------------------
SECdecoder_AWE_52bits_clk         226569.8698    100.0    5990.2416  14477.1978  0.0000  SECdecoder_AWE_52bits_clk
div_180                            26160.8253     11.5   26160.8253      0.0000  0.0000  SECdecoder_AWE_52bits_clk_DW_div_uns_14
div_193                           175451.2674     77.4     193.7376      0.0000  0.0000  SECdecoder_AWE_52bits_clk_DW_div_uns_2
div_193/u_div_add_308_DP_OP_359_9162_7
                                  175257.5298     77.4  175257.5298      0.0000  0.0000  SECdecoder_AWE_52bits_clk_add_308_DP_OP_359_9162_0
sub_184                              506.2176      0.2     506.2176      0.0000  0.0000  SECdecoder_AWE_52bits_clk_DW01_sub_1
sub_188                             3984.1200      1.8    3984.1200      0.0000  0.0000  SECdecoder_AWE_52bits_clk_DW01_sub_0
--------------------------------  -----------  -------  -----------  ----------  ------  --------------------------------------------------
Total                                                   212092.6720  14477.1978  0.0000

1
