Loading db file '/usr/cad/Library/CBDK018_UMC_Faraday_v1.0/CIC/SynopsysDC/db/fsa0m_a_generic_core_ss1p62v125c.db'
Information: Propagating switching activity (low effort zero delay simulation). (PWR-6)
Warning: Design has unannotated primary inputs. (PWR-414)
Warning: Design has unannotated sequential cell outputs. (PWR-415)
 
****************************************
Report : power
        -analysis_effort low
Design : SECdecoder_AWE_52bits_clk
Version: U-2022.12-SP6
Date   : Fri May 23 18:38:09 2025
****************************************


Library(s) Used:

    fsa0m_a_generic_core_ss1p62v125c (File: /usr/cad/Library/CBDK018_UMC_Faraday_v1.0/CIC/SynopsysDC/db/fsa0m_a_generic_core_ss1p62v125c.db)


Operating Conditions: WCCOM   Library: fsa0m_a_generic_core_ss1p62v125c
Wire Load Model Mode: enclosed

Design        Wire Load Model            Library
------------------------------------------------
SECdecoder_AWE_52bits_clk
                       enG30K            fsa0m_a_generic_core_ss1p62v125c
SECdecoder_AWE_52bits_clk_DW01_sub_0
                       enG5K             fsa0m_a_generic_core_ss1p62v125c
SECdecoder_AWE_52bits_clk_DW01_sub_1
                       enG5K             fsa0m_a_generic_core_ss1p62v125c
SECdecoder_AWE_52bits_clk_DW_div_uns_2
                       enG30K            fsa0m_a_generic_core_ss1p62v125c
SECdecoder_AWE_52bits_clk_add_308_DP_OP_359_9162_0
                       enG30K            fsa0m_a_generic_core_ss1p62v125c
SECdecoder_AWE_52bits_clk_DW_div_uns_14
                       enG5K             fsa0m_a_generic_core_ss1p62v125c


Global Operating Voltage = 1.62 
Power-specific unit information :
    Voltage Units = 1V
    Capacitance Units = 1.000000pf
    Time Units = 1ns
    Dynamic Power Units = 1mW    (derived from V,C,T units)
    Leakage Power Units = 1pW


Attributes
----------
i - Including register clock pin internal power


  Cell Internal Power  = 728.6100 uW   (58%)
  Net Switching Power  = 535.2901 uW   (42%)
                         ---------
Total Dynamic Power    =   1.2639 mW  (100%)

Cell Leakage Power     =  15.3489 uW


                 Internal         Switching           Leakage            Total
Power Group      Power            Power               Power              Power   (   %    )  Attrs
--------------------------------------------------------------------------------------------------
io_pad             0.0000            0.0000            0.0000            0.0000  (   0.00%)
memory             0.0000            0.0000            0.0000            0.0000  (   0.00%)
black_box          0.0000            0.0000            0.0000            0.0000  (   0.00%)
clock_network      0.1285            0.0000            0.0000            0.1285  (  10.05%)  i
register       2.1004e-02        1.9194e-02        9.1091e+05        4.1109e-02  (   3.21%)
sequential         0.0000            0.0000            0.0000            0.0000  (   0.00%)
combinational      0.5791            0.5161        1.4438e+07            1.1096  (  86.74%)
--------------------------------------------------------------------------------------------------
Total              0.7286 mW         0.5353 mW     1.5349e+07 pW         1.2793 mW
1
