 
****************************************
Report : area
Design : DEC_LUT_Decoder20bits
Version: U-2022.12-SP6
Date   : Tue Feb 11 17:44:55 2025
****************************************

Library(s) Used:

    fsa0m_a_generic_core_ss1p62v125c (File: /usr/cad/Library/CBDK018_UMC_Faraday_v1.0/CIC/SynopsysDC/db/fsa0m_a_generic_core_ss1p62v125c.db)

Number of ports:                          438
Number of nets:                          6185
Number of cells:                         5578
Number of combinational cells:           5573
Number of sequential cells:                 0
Number of macros/black boxes:               0
Number of buf/inv:                        610
Number of references:                      54

Combinational area:              95568.882706
Buf/Inv area:                     3927.873567
Noncombinational area:               0.000000
Macro/Black Box area:                0.000000
Net Interconnect area:      undefined  (Wire load has zero net area)

Total cell area:                 95568.882706
Total area:                 undefined
1
