 
****************************************
Report : area
Design : DEC_LUT_Decoder24bits
Version: U-2022.12-SP6
Date   : Tue Feb 11 22:44:49 2025
****************************************

Library(s) Used:

    fsa0m_a_generic_core_ss1p62v125c (File: /usr/cad/Library/CBDK018_UMC_Faraday_v1.0/CIC/SynopsysDC/db/fsa0m_a_generic_core_ss1p62v125c.db)

Number of ports:                         2561
Number of nets:                          8906
Number of cells:                         6888
Number of combinational cells:           6836
Number of sequential cells:                 0
Number of macros/black boxes:               0
Number of buf/inv:                        632
Number of references:                      62

Combinational area:             121429.727369
Buf/Inv area:                     4124.735968
Noncombinational area:               0.000000
Macro/Black Box area:                0.000000
Net Interconnect area:      undefined  (Wire load has zero net area)

Total cell area:                121429.727369
Total area:                 undefined
1
