 
****************************************
Report : area
Design : DEC_LUT_Decoder4bits
Version: U-2022.12-SP6
Date   : Tue Feb 11 20:59:29 2025
****************************************

Library(s) Used:

    fsa0m_a_generic_core_ss1p62v125c (File: /usr/cad/Library/CBDK018_UMC_Faraday_v1.0/CIC/SynopsysDC/db/fsa0m_a_generic_core_ss1p62v125c.db)

Number of ports:                          234
Number of nets:                          1208
Number of cells:                         1047
Number of combinational cells:           1043
Number of sequential cells:                 0
Number of macros/black boxes:               0
Number of buf/inv:                        148
Number of references:                      34

Combinational area:              17742.614333
Buf/Inv area:                      924.940790
Noncombinational area:               0.000000
Macro/Black Box area:                0.000000
Net Interconnect area:      undefined  (Wire load has zero net area)

Total cell area:                 17742.614333
Total area:                 undefined
1
