 
****************************************
Report : area
Design : Tradeoff_12bits
Version: U-2022.12-SP6
Date   : Wed Apr 30 18:52:17 2025
****************************************

Library(s) Used:

    fsa0m_a_generic_core_ss1p62v125c (File: /usr/cad/Library/CBDK018_UMC_Faraday_v1.0/CIC/SynopsysDC/db/fsa0m_a_generic_core_ss1p62v125c.db)

Number of ports:                          708
Number of nets:                          2780
Number of cells:                         2032
Number of combinational cells:           1911
Number of sequential cells:               110
Number of macros/black boxes:               0
Number of buf/inv:                        268
Number of references:                      45

Combinational area:              39844.324457
Buf/Inv area:                     1728.014381
Noncombinational area:            6468.336006
Macro/Black Box area:                0.000000
Net Interconnect area:      undefined  (Wire load has zero net area)

Total cell area:                 46312.660463
Total area:                 undefined
1
