 
****************************************
Report : area
Design : SECdecoder_AWE_24bits_clk
Version: U-2022.12-SP6
Date   : Fri May 23 17:51:49 2025
****************************************

Library(s) Used:

    fsa0m_a_generic_core_ss1p62v125c (File: /usr/cad/Library/CBDK018_UMC_Faraday_v1.0/CIC/SynopsysDC/db/fsa0m_a_generic_core_ss1p62v125c.db)

Number of ports:                         1227
Number of nets:                          3226
Number of cells:                         2436
Number of combinational cells:           2300
Number of sequential cells:                93
Number of macros/black boxes:               0
Number of buf/inv:                        571
Number of references:                      39

Combinational area:              38047.564534
Buf/Inv area:                     3593.519962
Noncombinational area:            4959.057701
Macro/Black Box area:                0.000000
Net Interconnect area:      undefined  (Wire load has zero net area)

Total cell area:                 43006.622235
Total area:                 undefined
1
