Loading db file '/usr/cad/Library/CBDK018_UMC_Faraday_v1.0/CIC/SynopsysDC/db/fsa0m_a_generic_core_ss1p62v125c.db'
Information: Propagating switching activity (low effort zero delay simulation). (PWR-6)
Warning: Design has unannotated primary inputs. (PWR-414)
Warning: Design has unannotated sequential cell outputs. (PWR-415)
 
****************************************
Report : power
        -analysis_effort low
Design : Tradeoff_16bits
Version: U-2022.12-SP6
Date   : Wed Apr 30 18:47:07 2025
****************************************


Library(s) Used:

    fsa0m_a_generic_core_ss1p62v125c (File: /usr/cad/Library/CBDK018_UMC_Faraday_v1.0/CIC/SynopsysDC/db/fsa0m_a_generic_core_ss1p62v125c.db)


Operating Conditions: WCCOM   Library: fsa0m_a_generic_core_ss1p62v125c
Wire Load Model Mode: enclosed

Design        Wire Load Model            Library
------------------------------------------------
Tradeoff_16bits        enG10K            fsa0m_a_generic_core_ss1p62v125c
SEC_rLUT16bits         enG5K             fsa0m_a_generic_core_ss1p62v125c
SEC_lLUT16bits         enG5K             fsa0m_a_generic_core_ss1p62v125c
Tradeoff_16bits_DW01_sub_1
                       enG5K             fsa0m_a_generic_core_ss1p62v125c
Tradeoff_16bits_DW01_sub_4
                       enG5K             fsa0m_a_generic_core_ss1p62v125c
Tradeoff_16bits_DW_mult_uns_0
                       enG5K             fsa0m_a_generic_core_ss1p62v125c
Tradeoff_16bits_DW01_sub_5
                       enG5K             fsa0m_a_generic_core_ss1p62v125c
Tradeoff_16bits_DW01_sub_6
                       enG5K             fsa0m_a_generic_core_ss1p62v125c
Tradeoff_16bits_DW_mult_uns_1
                       enG5K             fsa0m_a_generic_core_ss1p62v125c
Tradeoff_16bits_DW_mult_uns_2
                       enG5K             fsa0m_a_generic_core_ss1p62v125c
Tradeoff_16bits_DW_div_uns_2
                       enG5K             fsa0m_a_generic_core_ss1p62v125c
Tradeoff_16bits_DW01_add_82
                       enG5K             fsa0m_a_generic_core_ss1p62v125c
Tradeoff_16bits_DW01_add_83
                       enG5K             fsa0m_a_generic_core_ss1p62v125c
Tradeoff_16bits_DW01_add_84
                       enG5K             fsa0m_a_generic_core_ss1p62v125c
Tradeoff_16bits_DW01_add_85
                       enG5K             fsa0m_a_generic_core_ss1p62v125c
Tradeoff_16bits_DW01_add_86
                       enG5K             fsa0m_a_generic_core_ss1p62v125c
Tradeoff_16bits_DW01_add_87
                       enG5K             fsa0m_a_generic_core_ss1p62v125c
Tradeoff_16bits_DW01_add_88
                       enG5K             fsa0m_a_generic_core_ss1p62v125c
Tradeoff_16bits_DW01_add_89
                       enG5K             fsa0m_a_generic_core_ss1p62v125c
Tradeoff_16bits_DW01_add_90
                       enG5K             fsa0m_a_generic_core_ss1p62v125c
Tradeoff_16bits_DW01_add_91
                       enG5K             fsa0m_a_generic_core_ss1p62v125c
Tradeoff_16bits_DW01_add_92
                       enG5K             fsa0m_a_generic_core_ss1p62v125c
Tradeoff_16bits_DW01_add_93
                       enG5K             fsa0m_a_generic_core_ss1p62v125c
Tradeoff_16bits_DW01_add_94
                       enG5K             fsa0m_a_generic_core_ss1p62v125c
Tradeoff_16bits_DW01_add_95
                       enG5K             fsa0m_a_generic_core_ss1p62v125c
Tradeoff_16bits_DW01_add_96
                       enG5K             fsa0m_a_generic_core_ss1p62v125c
Tradeoff_16bits_DW01_add_97
                       enG5K             fsa0m_a_generic_core_ss1p62v125c
Tradeoff_16bits_DW01_add_98
                       enG5K             fsa0m_a_generic_core_ss1p62v125c
Tradeoff_16bits_DW01_add_99
                       enG5K             fsa0m_a_generic_core_ss1p62v125c
Tradeoff_16bits_DW01_add_100
                       enG5K             fsa0m_a_generic_core_ss1p62v125c
Tradeoff_16bits_DW01_add_101
                       enG5K             fsa0m_a_generic_core_ss1p62v125c
Tradeoff_16bits_DW01_add_102
                       enG5K             fsa0m_a_generic_core_ss1p62v125c
Tradeoff_16bits_DW01_add_103
                       enG5K             fsa0m_a_generic_core_ss1p62v125c
Tradeoff_16bits_DW01_add_104
                       enG5K             fsa0m_a_generic_core_ss1p62v125c
Tradeoff_16bits_DW01_add_105
                       enG5K             fsa0m_a_generic_core_ss1p62v125c
Tradeoff_16bits_DW01_add_106
                       enG5K             fsa0m_a_generic_core_ss1p62v125c
Tradeoff_16bits_DW01_add_107
                       enG5K             fsa0m_a_generic_core_ss1p62v125c
Tradeoff_16bits_DW01_add_108
                       enG5K             fsa0m_a_generic_core_ss1p62v125c
Tradeoff_16bits_DW01_add_109
                       enG5K             fsa0m_a_generic_core_ss1p62v125c
Tradeoff_16bits_DW01_add_110
                       enG5K             fsa0m_a_generic_core_ss1p62v125c
Tradeoff_16bits_DW01_add_111
                       enG5K             fsa0m_a_generic_core_ss1p62v125c
Tradeoff_16bits_DW01_add_112
                       enG5K             fsa0m_a_generic_core_ss1p62v125c
Tradeoff_16bits_DW01_add_113
                       enG5K             fsa0m_a_generic_core_ss1p62v125c
Tradeoff_16bits_DW01_add_114
                       enG5K             fsa0m_a_generic_core_ss1p62v125c
Tradeoff_16bits_DW01_add_115
                       enG5K             fsa0m_a_generic_core_ss1p62v125c
Tradeoff_16bits_DW01_add_116
                       enG5K             fsa0m_a_generic_core_ss1p62v125c
Tradeoff_16bits_DW01_add_117
                       enG5K             fsa0m_a_generic_core_ss1p62v125c
Tradeoff_16bits_DW01_add_118
                       enG5K             fsa0m_a_generic_core_ss1p62v125c
Tradeoff_16bits_DW01_add_119
                       enG5K             fsa0m_a_generic_core_ss1p62v125c
Tradeoff_16bits_DW01_add_120
                       enG5K             fsa0m_a_generic_core_ss1p62v125c
Tradeoff_16bits_DW01_add_121
                       enG5K             fsa0m_a_generic_core_ss1p62v125c
Tradeoff_16bits_DW01_add_122
                       enG5K             fsa0m_a_generic_core_ss1p62v125c
Tradeoff_16bits_DW01_add_123
                       enG5K             fsa0m_a_generic_core_ss1p62v125c
Tradeoff_16bits_DW_div_uns_7
                       enG5K             fsa0m_a_generic_core_ss1p62v125c


Global Operating Voltage = 1.62 
Power-specific unit information :
    Voltage Units = 1V
    Capacitance Units = 1.000000pf
    Time Units = 1ns
    Dynamic Power Units = 1mW    (derived from V,C,T units)
    Leakage Power Units = 1pW


Attributes
----------
i - Including register clock pin internal power


  Cell Internal Power  = 422.3865 uW   (63%)
  Net Switching Power  = 244.5140 uW   (37%)
                         ---------
Total Dynamic Power    = 666.9005 uW  (100%)

Cell Leakage Power     =   5.5731 uW


                 Internal         Switching           Leakage            Total
Power Group      Power            Power               Power              Power   (   %    )  Attrs
--------------------------------------------------------------------------------------------------
io_pad             0.0000            0.0000            0.0000            0.0000  (   0.00%)
memory             0.0000            0.0000            0.0000            0.0000  (   0.00%)
black_box          0.0000            0.0000            0.0000            0.0000  (   0.00%)
clock_network      0.1213            0.0000            0.0000            0.1213  (  18.04%)  i
register       1.3013e-02        1.0546e-02        4.7635e+05        2.4035e-02  (   3.57%)
sequential         0.0000            0.0000            0.0000            0.0000  (   0.00%)
combinational      0.2881            0.2340        5.0967e+06            0.5271  (  78.38%)
--------------------------------------------------------------------------------------------------
Total              0.4224 mW         0.2445 mW     5.5731e+06 pW         0.6725 mW
1
