 
****************************************
Report : area
Design : Tradeoff_16bits
Version: U-2022.12-SP6
Date   : Wed Apr 30 18:47:06 2025
****************************************

Library(s) Used:

    fsa0m_a_generic_core_ss1p62v125c (File: /usr/cad/Library/CBDK018_UMC_Faraday_v1.0/CIC/SynopsysDC/db/fsa0m_a_generic_core_ss1p62v125c.db)

Number of ports:                         2923
Number of nets:                          6801
Number of cells:                         4911
Number of combinational cells:           4732
Number of sequential cells:               126
Number of macros/black boxes:               0
Number of buf/inv:                       1207
Number of references:                      45

Combinational area:              75563.913160
Buf/Inv area:                     7674.508718
Noncombinational area:            7390.152008
Macro/Black Box area:                0.000000
Net Interconnect area:      undefined  (Wire load has zero net area)

Total cell area:                 82954.065168
Total area:                 undefined
1
